<?xml version="1.0" encoding="UTF-8"?>
<testsuite name="SignUp" tests="1" skipped="0" failures="1" errors="0" timestamp="2022-05-18T17:09:47" hostname="QV-3554" time="0.67">
  <properties/>
  <testcase name="SignuP Success" classname="SignUp" time="0.67">
    <failure message="io.cucumber.junit.UndefinedStepException: The step 'i want to get an Acount' and 6 other step(s) are undefined.&#10;You can implement these steps using the snippet(s) below:&#10;&#10;@Given(&quot;i want to get an Acount&quot;)&#10;public void iWantToGetAnAcount() {&#10;    // Write code here that turns the phrase above into concrete actions&#10;    throw new io.cucumber.java.PendingException();&#10;}&#10;@When(&quot;i type my name {string}&quot;)&#10;public void iTypeMyName(String string) {&#10;    // Write code here that turns the phrase above into concrete actions&#10;    throw new io.cucumber.java.PendingException();&#10;}&#10;@When(&quot;i type my last name {string}&quot;)&#10;public void iTypeMyLastName(String string) {&#10;    // Write code here that turns the phrase above into concrete actions&#10;    throw new io.cucumber.java.PendingException();&#10;}&#10;@When(&quot;i type my number phone {int}&quot;)&#10;public void iTypeMyNumberPhone(Integer int1) {&#10;    // Write code here that turns the phrase above into concrete actions&#10;    throw new io.cucumber.java.PendingException();&#10;}&#10;@When(&quot;i type my email {string}&quot;)&#10;public void iTypeMyEmail(String string) {&#10;    // Write code here that turns the phrase above into concrete actions&#10;    throw new io.cucumber.java.PendingException();&#10;}&#10;@When(&quot;i type my new password {string}&quot;)&#10;public void iTypeMyNewPassword(String string) {&#10;    // Write code here that turns the phrase above into concrete actions&#10;    throw new io.cucumber.java.PendingException();&#10;}&#10;@Then(&quot;i should get my new account after i clicked the signup button&quot;)&#10;public void iShouldGetMyNewAccountAfterIClickedTheSignupButton() {&#10;    // Write code here that turns the phrase above into concrete actions&#10;    throw new io.cucumber.java.PendingException();&#10;}&#10;" type="io.cucumber.junit.UndefinedStepException">io.cucumber.junit.UndefinedStepException: The step 'i want to get an Acount' and 6 other step(s) are undefined.
You can implement these steps using the snippet(s) below:

@Given(&quot;i want to get an Acount&quot;)
public void iWantToGetAnAcount() {
    // Write code here that turns the phrase above into concrete actions
    throw new io.cucumber.java.PendingException();
}
@When(&quot;i type my name {string}&quot;)
public void iTypeMyName(String string) {
    // Write code here that turns the phrase above into concrete actions
    throw new io.cucumber.java.PendingException();
}
@When(&quot;i type my last name {string}&quot;)
public void iTypeMyLastName(String string) {
    // Write code here that turns the phrase above into concrete actions
    throw new io.cucumber.java.PendingException();
}
@When(&quot;i type my number phone {int}&quot;)
public void iTypeMyNumberPhone(Integer int1) {
    // Write code here that turns the phrase above into concrete actions
    throw new io.cucumber.java.PendingException();
}
@When(&quot;i type my email {string}&quot;)
public void iTypeMyEmail(String string) {
    // Write code here that turns the phrase above into concrete actions
    throw new io.cucumber.java.PendingException();
}
@When(&quot;i type my new password {string}&quot;)
public void iTypeMyNewPassword(String string) {
    // Write code here that turns the phrase above into concrete actions
    throw new io.cucumber.java.PendingException();
}
@Then(&quot;i should get my new account after i clicked the signup button&quot;)
public void iShouldGetMyNewAccountAfterIClickedTheSignupButton() {
    // Write code here that turns the phrase above into concrete actions
    throw new io.cucumber.java.PendingException();
}

</failure>
  </testcase>
  <system-out><![CDATA[]]></system-out>
  <system-err><![CDATA[[Test worker] INFO io.cucumber.core.plugin.SerenityReporter - Running feature from file:///C:/Users/QVUser/Documents/Projects/phptravels/src/test/resources/features/phptravels_SignUp.feature
[Test worker] INFO  - 
  _____   ___   ___   _____     ___   _____     _     ___   _____   ___   ___  
 |_   _| | __| / __| |_   _|   / __| |_   _|   /_\   | _ \ |_   _| | __| |   \ 
   | |   | _|  \__ \   | |     \__ \   | |    / _ \  |   /   | |   | _|  | |) |
   |_|   |___| |___/   |_|     |___/   |_|   /_/ \_\ |_|_\   |_|   |___| |___/ 

SignuP Success(signup;signup-success)
--------------------------------------------------------------------------------
[Test worker] INFO  - 
  _____   ___   ___   _____     ___   ___   _  _   ___    ___   _  _    ___ 
 |_   _| | __| / __| |_   _|   | _ \ | __| | \| | |   \  |_ _| | \| |  / __|
   | |   | _|  \__ \   | |     |  _/ | _|  | .` | | |) |  | |  | .` | | (_ |
   |_|   |___| |___/   |_|     |_|   |___| |_|\_| |___/  |___| |_|\_|  \___|

SignuP Success
-----------------------------------------------------------------------------
]]></system-err>
</testsuite>
