<?xml version="1.0" encoding="UTF-8"?>
<testsuite name="Add founds" tests="1" skipped="0" failures="1" errors="0" timestamp="2022-05-18T21:38:54" hostname="QV-3554" time="0.815">
  <properties/>
  <testcase name="Add founds succes" classname="Add founds" time="0.815">
    <failure message="java.lang.NullPointerException: Cannot invoke &quot;co.com.phptravels.steps.phptravels_Add_Founds_Page.openLoginPage()&quot; because &quot;this.addFounds&quot; is null" type="java.lang.NullPointerException">java.lang.NullPointerException: Cannot invoke &quot;co.com.phptravels.steps.phptravels_Add_Founds_Page.openLoginPage()&quot; because &quot;this.addFounds&quot; is null
	at co.com.phptravels.stepdefinitions.phptravels_Add_Founds_StepDefinitions.iWantToAddFoundsToMyAccountILoginToTheSystem(phptravels_Add_Founds_StepDefinitions.java:12)
	at âœ½.i want to add founds to my account i login to the system(file:///C:/Users/QVUser/Documents/Projects/phptravels/src/test/resources/features/phptravels_Add_Founds.feature:5)
</failure>
  </testcase>
  <system-out><![CDATA[]]></system-out>
  <system-err><![CDATA[[Test worker] INFO io.cucumber.core.plugin.SerenityReporter - Running feature from file:///C:/Users/QVUser/Documents/Projects/phptravels/src/test/resources/features/phptravels_Add_Founds.feature
[Test worker] INFO  - 
  _____   ___   ___   _____     ___   _____     _     ___   _____   ___   ___  
 |_   _| | __| / __| |_   _|   / __| |_   _|   /_\   | _ \ |_   _| | __| |   \ 
   | |   | _|  \__ \   | |     \__ \   | |    / _ \  |   /   | |   | _|  | |) |
   |_|   |___| |___/   |_|     |___/   |_|   /_/ \_\ |_|_\   |_|   |___| |___/ 

Add founds succes(add-founds;add-founds-succes)
--------------------------------------------------------------------------------
[Test worker] ERROR  - 
  _____   ___   ___   _____     ___   ___   ___    ___    ___ 
 |_   _| | __| / __| |_   _|   | __| | _ \ | _ \  / _ \  | _ \
   | |   | _|  \__ \   | |     | _|  |   / |   / | (_) | |   /
   |_|   |___| |___/   |_|     |___| |_|_\ |_|_\  \___/  |_|_\

Add founds succes
---------------------------------------------------------------
[Test worker] ERROR  -     Test failed at step: Given i want to add founds to my account i login to the system
[Test worker] ERROR  -     Cannot invoke "co.com.phptravels.steps.phptravels_Add_Founds_Page.openLoginPage()" because "this.addFounds" is null
]]></system-err>
</testsuite>
