<?xml version="1.0" encoding="UTF-8"?><testsuite errors="1" failures="0" name="Add founds" skipped="0" tests="1" time="0.35" timestamp="2022-05-18 04:38:55"><testcase name="Add founds succes"><error message="Cannot invoke &quot;co.com.phptravels.steps.phptravels_Add_Founds_Page.openLoginPage()&quot; because &quot;this.addFounds&quot; is null" type="java.lang.NullPointerException">Cannot invoke "co.com.phptravels.steps.phptravels_Add_Founds_Page.openLoginPage()" because "this.addFounds" is null</error><system-err>Cannot invoke "co.com.phptravels.steps.phptravels_Add_Founds_Page.openLoginPage()" because "this.addFounds" is null&#13;
co.com.phptravels.stepdefinitions.phptravels_Add_Founds_StepDefinitions.iWantToAddFoundsToMyAccountILoginToTheSystem(phptravels_Add_Founds_StepDefinitions.java:12)&#13;
✽.i want to add founds to my account i login to the system(file:///C:/Users/QVUser/Documents/Projects/phptravels/src/test/resources/features/phptravels_Add_Founds.feature:5)&#13;
</system-err></testcase></testsuite>